<?xml version="1.0" encoding="UTF-8"?>
<!-- Generated by org.testng.reporters.JUnitReportReporter -->
<testsuite hostname="LAPTOP-3VBKENUI" failures="0" tests="6" name="com.tests.BoxAppLoginLogOut" time="24.450" errors="0" timestamp="2024-05-09T16:54:26 IST" skipped="0">
  <testcase classname="com.tests.BoxAppLoginLogOut" name="navigateToBoxLogin" time="0.850"/>
  <testcase classname="com.tests.BoxAppLoginLogOut" name="navigateToBoxLogin" time="0.703"/>
  <testcase classname="com.tests.BoxAppLoginLogOut" name="login" time="4.436"/>
  <testcase classname="com.tests.BoxAppLoginLogOut" name="login" time="3.996"/>
  <testcase classname="com.tests.BoxAppLoginLogOut" name="logOut" time="7.395"/>
  <testcase classname="com.tests.BoxAppLoginLogOut" name="logOut" time="7.070"/>
</testsuite> <!-- com.tests.BoxAppLoginLogOut -->
