<?xml version="1.0" encoding="UTF-8"?>
<!-- Generated by org.testng.reporters.JUnitReportReporter -->
<testsuite hostname="DESKTOP-4OQ8NF6" failures="0" tests="1" name="com.demo.SampleTest" time="0.021" errors="0" timestamp="2025-05-20T12:44:47 IST" skipped="0">
  <testcase classname="com.demo.SampleTest" name="check" time="0.021"/>
</testsuite> <!-- com.demo.SampleTest -->
