<?xml version="1.0" encoding="UTF-8"?>
<!-- Generated by org.testng.reporters.JUnitReportReporter -->
<testsuite hostname="DESKTOP-4OQ8NF6" failures="0" tests="1" name="com.tests.SampleTest" time="0.019" errors="0" timestamp="2025-05-22T17:08:47 IST" skipped="0">
  <testcase classname="com.tests.SampleTest" name="combinations" time="0.019"/>
</testsuite> <!-- com.tests.SampleTest -->
