<?xml version="1.0" encoding="UTF-8"?>
<!-- Generated by org.testng.reporters.JUnitReportReporter -->
<testsuite hostname="LAPTOP-3VBKENUI" failures="0" tests="14" name="com.tests.BoxAppCreateFolderSteps" time="97.184" errors="0" timestamp="2024-05-08T01:50:33 IST" skipped="0">
  <testcase classname="com.tests.BoxAppCreateFolderSteps" name="navigateToBox" time="0.630"/>
  <testcase classname="com.tests.BoxAppCreateFolderSteps" name="navigateToBox" time="0.605"/>
  <testcase classname="com.tests.BoxAppCreateFolderSteps" name="loginCreate" time="3.556"/>
  <testcase classname="com.tests.BoxAppCreateFolderSteps" name="loginCreate" time="3.335"/>
  <testcase classname="com.tests.BoxAppCreateFolderSteps" name="createFolder" time="13.522"/>
  <testcase classname="com.tests.BoxAppCreateFolderSteps" name="createFolder" time="13.262"/>
  <testcase classname="com.tests.BoxAppCreateFolderSteps" name="logOutCreate" time="3.587"/>
  <testcase classname="com.tests.BoxAppCreateFolderSteps" name="logOutCreate" time="3.634"/>
  <testcase classname="com.tests.BoxAppCreateFolderSteps" name="loginDelete" time="3.193"/>
  <testcase classname="com.tests.BoxAppCreateFolderSteps" name="loginDelete" time="3.374"/>
  <testcase classname="com.tests.BoxAppCreateFolderSteps" name="deleteFolder" time="20.519"/>
  <testcase classname="com.tests.BoxAppCreateFolderSteps" name="deleteFolder" time="20.820"/>
  <testcase classname="com.tests.BoxAppCreateFolderSteps" name="logOutDelete" time="3.579"/>
  <testcase classname="com.tests.BoxAppCreateFolderSteps" name="logOutDelete" time="3.568"/>
</testsuite> <!-- com.tests.BoxAppCreateFolderSteps -->
