<?xml version="1.0" encoding="UTF-8"?>
<!-- Generated by org.testng.reporters.JUnitReportReporter -->
<testsuite hostname="LAPTOP-3VBKENUI" failures="0" tests="14" name="com.tests.BoxAppDevelopersSteps" time="29.394" errors="0" timestamp="2024-05-08T01:50:33 IST" skipped="0">
  <testcase classname="com.tests.BoxAppDevelopersSteps" name="navigateToBox" time="0.412"/>
  <testcase classname="com.tests.BoxAppDevelopersSteps" name="navigateToBox" time="0.413"/>
  <testcase classname="com.tests.BoxAppDevelopersSteps" name="login" time="2.756"/>
  <testcase classname="com.tests.BoxAppDevelopersSteps" name="login" time="2.779"/>
  <testcase classname="com.tests.BoxAppDevelopersSteps" name="clickDevConsoleButton" time="5.063"/>
  <testcase classname="com.tests.BoxAppDevelopersSteps" name="clickDevConsoleButton" time="4.955"/>
  <testcase classname="com.tests.BoxAppDevelopersSteps" name="isDeveloperTokenAvailable" time="0.785"/>
  <testcase classname="com.tests.BoxAppDevelopersSteps" name="isDeveloperTokenAvailable" time="0.800"/>
  <testcase classname="com.tests.BoxAppDevelopersSteps" name="clickGenerateDeveloperTokenButton" time="0.000"/>
  <testcase classname="com.tests.BoxAppDevelopersSteps" name="clickGenerateDeveloperTokenButton" time="0.001"/>
  <testcase classname="com.tests.BoxAppDevelopersSteps" name="copyDeveloperToken" time="0.207"/>
  <testcase classname="com.tests.BoxAppDevelopersSteps" name="copyDeveloperToken" time="0.203"/>
  <testcase classname="com.tests.BoxAppDevelopersSteps" name="logOut" time="5.507"/>
  <testcase classname="com.tests.BoxAppDevelopersSteps" name="logOut" time="5.513"/>
</testsuite> <!-- com.tests.BoxAppDevelopersSteps -->
