<?xml version="1.0" encoding="UTF-8"?>
<!-- Generated by org.testng.reporters.JUnitReportReporter -->
<testsuite hostname="LAPTOP-3VBKENUI" failures="0" tests="14" name="com.tests.BoxAppCreateDeleteFolder" time="98.243" errors="0" timestamp="2024-05-09T16:54:26 IST" skipped="0">
  <testcase classname="com.tests.BoxAppCreateDeleteFolder" name="navigateToBox" time="0.578"/>
  <testcase classname="com.tests.BoxAppCreateDeleteFolder" name="navigateToBox" time="0.529"/>
  <testcase classname="com.tests.BoxAppCreateDeleteFolder" name="loginCreate" time="4.184"/>
  <testcase classname="com.tests.BoxAppCreateDeleteFolder" name="loginCreate" time="4.031"/>
  <testcase classname="com.tests.BoxAppCreateDeleteFolder" name="createFolder" time="14.406"/>
  <testcase classname="com.tests.BoxAppCreateDeleteFolder" name="createFolder" time="14.257"/>
  <testcase classname="com.tests.BoxAppCreateDeleteFolder" name="logOutCreate" time="3.726"/>
  <testcase classname="com.tests.BoxAppCreateDeleteFolder" name="logOutCreate" time="3.637"/>
  <testcase classname="com.tests.BoxAppCreateDeleteFolder" name="loginDelete" time="3.306"/>
  <testcase classname="com.tests.BoxAppCreateDeleteFolder" name="loginDelete" time="3.786"/>
  <testcase classname="com.tests.BoxAppCreateDeleteFolder" name="deleteFolder" time="19.246"/>
  <testcase classname="com.tests.BoxAppCreateDeleteFolder" name="deleteFolder" time="19.165"/>
  <testcase classname="com.tests.BoxAppCreateDeleteFolder" name="logOutDelete" time="3.682"/>
  <testcase classname="com.tests.BoxAppCreateDeleteFolder" name="logOutDelete" time="3.710"/>
</testsuite> <!-- com.tests.BoxAppCreateDeleteFolder -->
