<?xml version="1.0" encoding="UTF-8"?>
<!-- Generated by org.testng.reporters.JUnitReportReporter -->
<testsuite hostname="LAPTOP-3VBKENUI" failures="0" tests="14" name="com.tests.BoxAppDevelopers" time="160.769" errors="0" timestamp="2024-05-09T16:54:26 IST" skipped="0">
  <testcase classname="com.tests.BoxAppDevelopers" name="navigateToBox" time="0.405"/>
  <testcase classname="com.tests.BoxAppDevelopers" name="navigateToBox" time="0.423"/>
  <testcase classname="com.tests.BoxAppDevelopers" name="login" time="3.499"/>
  <testcase classname="com.tests.BoxAppDevelopers" name="login" time="3.721"/>
  <testcase classname="com.tests.BoxAppDevelopers" name="clickDevConsoleButton" time="6.602"/>
  <testcase classname="com.tests.BoxAppDevelopers" name="clickDevConsoleButton" time="6.516"/>
  <testcase classname="com.tests.BoxAppDevelopers" name="isDeveloperTokenAvailable" time="60.284"/>
  <testcase classname="com.tests.BoxAppDevelopers" name="isDeveloperTokenAvailable" time="60.239"/>
  <testcase classname="com.tests.BoxAppDevelopers" name="clickGenerateDeveloperTokenButton" time="2.364"/>
  <testcase classname="com.tests.BoxAppDevelopers" name="clickGenerateDeveloperTokenButton" time="2.355"/>
  <testcase classname="com.tests.BoxAppDevelopers" name="copyDeveloperToken" time="3.359"/>
  <testcase classname="com.tests.BoxAppDevelopers" name="copyDeveloperToken" time="3.373"/>
  <testcase classname="com.tests.BoxAppDevelopers" name="logOut" time="3.704"/>
  <testcase classname="com.tests.BoxAppDevelopers" name="logOut" time="3.925"/>
</testsuite> <!-- com.tests.BoxAppDevelopers -->
